<?xml version="1.0" encoding="UTF-8"?>
<testng-results skipped="0" failed="0" ignored="0" total="1" passed="1">
  <reporter-output>
  </reporter-output>
  <suite name="Default suite" duration-ms="2605" started-at="2019-05-22T22:21:02Z" finished-at="2019-05-22T22:21:05Z">
    <groups>
    </groups>
    <test name="Default test" duration-ms="2605" started-at="2019-05-22T22:21:02Z" finished-at="2019-05-22T22:21:05Z">
      <class name="basics.PostReqDemo">
        <test-method status="PASS" signature="setUp()[pri:0, instance:basics.PostReqDemo@ae45eb6]" name="setUp" is-config="true" duration-ms="724" started-at="2019-05-22T22:21:02Z" finished-at="2019-05-22T22:21:03Z">
          <reporter-output>
          </reporter-output>
        </test-method> <!-- setUp -->
        <test-method status="PASS" signature="postRequest()[pri:0, instance:basics.PostReqDemo@ae45eb6]" name="postRequest" duration-ms="1851" started-at="2019-05-22T22:21:03Z" finished-at="2019-05-22T22:21:05Z">
          <reporter-output>
          </reporter-output>
        </test-method> <!-- postRequest -->
      </class> <!-- basics.PostReqDemo -->
    </test> <!-- Default test -->
  </suite> <!-- Default suite -->
</testng-results>
